<?xml version="1.0" encoding="UTF-8"?>
<!-- Generated by org.testng.reporters.JUnitXMLReporter -->
<testsuite ignored="0" hostname="DESKTOP-F40K7Q7" failures="0" tests="7" name="FREE CRM TEST CASES" time="135.749" errors="0" timestamp="2021-01-20T13:06:47 EST">
  <testcase classname="com.crm.qa.testcases.ContactsPageTest" name="contactLinkTest" time="1.234"/>
  <testcase classname="com.crm.qa.testcases.ContactsPageTest" name="hooverOverContact" time="3.452"/>
  <testcase classname="com.crm.qa.testcases.SignUpPageTest" name="SignUpLinkTest" time="2.837"/>
  <testcase classname="com.crm.qa.testcases.SignUpPageTest" name="pricingLinkTest" time="6.863"/>
  <testcase classname="com.crm.qa.testcases.LoginPageTest" name="HomePageTitleTest" time="2.022"/>
  <testcase classname="com.crm.qa.testcases.LoginPageTest" name="validateuserTest" time="2.136"/>
  <testcase classname="com.crm.qa.testcases.LoginPageTest" name="validateContactLinkTest" time="7.654"/>
</testsuite> <!-- FREE CRM TEST CASES -->
