<?xml version="1.0" encoding="UTF-8"?>
<!-- Generated by org.testng.reporters.JUnitXMLReporter -->
<testsuite ignored="0" hostname="DESKTOP-F40K7Q7" failures="0" tests="3" name="Default test" time="86.799" errors="0" timestamp="2021-02-12T11:39:41 EST">
  <testcase classname="com.crm.qa.testcases.CompanyPageTest" name="CompanyLink" time="8.442"/>
  <testcase classname="com.crm.qa.testcases.CompanyPageTest" name="newCompanylink" time="3.686"/>
  <testcase classname="com.crm.qa.testcases.CompanyPageTest" name="newCompnyFormData" time="12.77"/>
</testsuite> <!-- Default test -->
