<?xml version="1.0" encoding="UTF-8"?>
<!-- Generated by org.testng.reporters.JUnitXMLReporter -->
<testsuite ignored="0" hostname="DESKTOP-F40K7Q7" failures="0" tests="17" name="FREE CRM TEST SUITES" time="396.65" errors="0" timestamp="2021-02-11T14:12:36 EST">
  <testcase classname="com.crm.qa.testcases.ContactsPageTest" name="contactLinkTest" time="1.462"/>
  <testcase classname="com.crm.qa.testcases.ContactsPageTest" name="tlinks" time="1.485"/>
  <testcase classname="com.crm.qa.testcases.ContactsPageTest" name="hooverOverContact" time="5.647"/>
  <testcase classname="com.crm.qa.testcases.SignUpPageTest" name="SignUpLinkTest" time="2.374"/>
  <testcase classname="com.crm.qa.testcases.SignUpPageTest" name="totallinks" time="2.3"/>
  <testcase classname="com.crm.qa.testcases.SignUpPageTest" name="pricingLinkTest" time="6.969"/>
  <testcase classname="com.crm.qa.testcases.LoginPageTest" name="HomePageTitleTest" time="2.023"/>
  <testcase classname="com.crm.qa.testcases.LoginPageTest" name="totalLinksOnHomePage" time="20.024"/>
  <testcase classname="com.crm.qa.testcases.LoginPageTest" name="validateuserTest" time="2.208"/>
  <testcase classname="com.crm.qa.testcases.LoginPageTest" name="validateContactLinkTest" time="7.943"/>
  <testcase classname="com.crm.qa.testcases.DealsPageTest" name="DealsFormTest" time="12.28"/>
  <testcase classname="com.crm.qa.testcases.DealsPageTest" name="DealsFormTest" time="11.839"/>
  <testcase classname="com.crm.qa.testcases.DealsPageTest" name="DealsFormTest" time="12.587"/>
  <testcase classname="com.crm.qa.testcases.ReportPageTest" name="reportlink" time="1.274"/>
  <testcase classname="com.crm.qa.testcases.CompanyPageTest" name="CompanyLink" time="8.032"/>
  <testcase classname="com.crm.qa.testcases.CompanyPageTest" name="newCompanylink" time="3.562"/>
  <testcase classname="com.crm.qa.testcases.CompanyPageTest" name="newCompnyFormData" time="7.849"/>
</testsuite> <!-- FREE CRM TEST SUITES -->
